#-----------------------------------------------------------
# Vivado v2021.1 (64-bit)
# SW Build 3247384 on Thu Jun 10 19:36:33 MDT 2021
# IP Build 3246043 on Fri Jun 11 00:30:35 MDT 2021
# Start of session at: Thu Jan  5 15:33:28 2023
# Process ID: 3492
# Current directory: C:/Users/user/Desktop/mpd_hw/DataFeeder
# Command line: vivado.exe -gui_launcher_event rodinguilauncherevent2812 C:\Users\user\Desktop\mpd_hw\DataFeeder\DataFeeder.xpr
# Log file: C:/Users/user/Desktop/mpd_hw/DataFeeder/vivado.log
# Journal file: C:/Users/user/Desktop/mpd_hw/DataFeeder\vivado.jou
#-----------------------------------------------------------
start_gui
open_project C:/Users/user/Desktop/mpd_hw/DataFeeder/DataFeeder.xpr
Scanning sources...
Finished scanning sources
INFO: [IP_Flow 19-234] Refreshing IP repositories
INFO: [IP_Flow 19-1704] No user IP repositories specified
INFO: [IP_Flow 19-2313] Loaded Vivado IP repository 'C:/Xilinx/Vivado/2021.1/data/ip'.
update_compile_order -fileset sources_1
exit
INFO: [Common 17-206] Exiting Vivado at Thu Jan  5 16:57:25 2023...
