#-----------------------------------------------------------
# Vivado v2021.1 (64-bit)
# SW Build 3247384 on Thu Jun 10 19:36:33 MDT 2021
# IP Build 3246043 on Fri Jun 11 00:30:35 MDT 2021
# Start of session at: Wed Jan  4 23:37:13 2023
# Process ID: 10228
# Current directory: C:/Users/user/Desktop/mpd_hw/DataFeeder
# Command line: vivado.exe -gui_launcher_event rodinguilauncherevent11484 C:\Users\user\Desktop\mpd_hw\DataFeeder\DataFeeder.xpr
# Log file: C:/Users/user/Desktop/mpd_hw/DataFeeder/vivado.log
# Journal file: C:/Users/user/Desktop/mpd_hw/DataFeeder\vivado.jou
#-----------------------------------------------------------
start_gui
open_project C:/Users/user/Desktop/mpd_hw/DataFeeder/DataFeeder.xpr
Scanning sources...
Finished scanning sources
INFO: [IP_Flow 19-234] Refreshing IP repositories
INFO: [IP_Flow 19-1704] No user IP repositories specified
INFO: [IP_Flow 19-2313] Loaded Vivado IP repository 'C:/Xilinx/Vivado/2021.1/data/ip'.
open_project: Time (s): cpu = 00:00:13 ; elapsed = 00:00:05 . Memory (MB): peak = 1448.848 ; gain = 0.000
update_compile_order -fileset sources_1
exit
INFO: [Common 17-206] Exiting Vivado at Thu Jan  5 00:33:11 2023...
